{"/Users/thais/workspace/jest-testing-example/subtract.js": {"path":"/Users/thais/workspace/jest-testing-example/subtract.js","statementMap":{"0":{"start":{"line":2,"column":2},"end":{"line":2,"column":14}}},"fnMap":{"0":{"name":"subtract","decl":{"start":{"line":1,"column":9},"end":{"line":1,"column":17}},"loc":{"start":{"line":1,"column":24},"end":{"line":3,"column":1}},"line":1}},"branchMap":{},"s":{"0":1},"f":{"0":1},"b":{},"_coverageSchema":"332fd63041d2c1bcb487cc26dd0d5f7d97098a6c","hash":"6514949ac42c932757a7f4d8f0f7b008f10c29c5"}
,"/Users/thais/workspace/jest-testing-example/sum.js": {"path":"/Users/thais/workspace/jest-testing-example/sum.js","statementMap":{"0":{"start":{"line":2,"column":2},"end":{"line":2,"column":12}}},"fnMap":{"0":{"name":"sum","decl":{"start":{"line":1,"column":9},"end":{"line":1,"column":12}},"loc":{"start":{"line":1,"column":19},"end":{"line":3,"column":1}},"line":1}},"branchMap":{},"s":{"0":1},"f":{"0":1},"b":{},"_coverageSchema":"332fd63041d2c1bcb487cc26dd0d5f7d97098a6c","hash":"036d4c417674f75f480bb08ba75abe8e186505bd"}
}
